2022-06-01 20:04:26.321  INFO 57056 --- [main] com.pandora.PandoraApplication           : Starting PandoraApplication on localhost with PID 57056 (/Users/jag/IdeaProjects/Pandora/out/production/classes started by jag in /Users/jag/IdeaProjects/Pandora)
2022-06-01 20:04:26.324 DEBUG 57056 --- [main] com.pandora.PandoraApplication           : Running with Spring Boot v2.2.5.RELEASE, Spring v5.2.4.RELEASE
2022-06-01 20:04:26.324  INFO 57056 --- [main] com.pandora.PandoraApplication           : No active profile set, falling back to default profiles: default
2022-06-01 20:04:27.368  INFO 57056 --- [main] o.s.b.w.embedded.tomcat.TomcatWebServer  : Tomcat initialized with port(s): 8080 (http)
2022-06-01 20:04:27.377  INFO 57056 --- [main] o.apache.catalina.core.StandardService   : Starting service [Tomcat]
2022-06-01 20:04:27.377  INFO 57056 --- [main] org.apache.catalina.core.StandardEngine  : Starting Servlet engine: [Apache Tomcat/9.0.31]
2022-06-01 20:04:27.446  INFO 57056 --- [main] o.a.c.c.C.[.[localhost].[/pandora]       : Initializing Spring embedded WebApplicationContext
2022-06-01 20:04:27.446  INFO 57056 --- [main] o.s.web.context.ContextLoader            : Root WebApplicationContext: initialization completed in 1077 ms
2022-06-01 20:04:27.532  WARN 57056 --- [main] ConfigServletWebServerApplicationContext : Exception encountered during context initialization - cancelling refresh attempt: org.springframework.beans.factory.UnsatisfiedDependencyException: Error creating bean with name 'convertibleBondServiceImpl': Unsatisfied dependency expressed through field 'convertibleBondMapper'; nested exception is org.springframework.beans.factory.UnsatisfiedDependencyException: Error creating bean with name 'convertibleBondMapper' defined in file [/Users/jag/IdeaProjects/Pandora/out/production/classes/com/pandora/domain/convertiblebond/mapper/ConvertibleBondMapper.class]: Unsatisfied dependency expressed through bean property 'sqlSessionFactory'; nested exception is org.springframework.beans.factory.UnsatisfiedDependencyException: Error creating bean with name 'sqlSessionFactory' defined in class path resource [org/mybatis/spring/boot/autoconfigure/MybatisAutoConfiguration.class]: Unsatisfied dependency expressed through method 'sqlSessionFactory' parameter 0; nested exception is org.springframework.beans.factory.BeanCreationException: Error creating bean with name 'dataSource' defined in class path resource [org/springframework/boot/autoconfigure/jdbc/DataSourceConfiguration$Hikari.class]: Bean instantiation via factory method failed; nested exception is org.springframework.beans.BeanInstantiationException: Failed to instantiate [com.zaxxer.hikari.HikariDataSource]: Factory method 'dataSource' threw exception; nested exception is org.springframework.boot.autoconfigure.jdbc.DataSourceProperties$DataSourceBeanCreationException: Failed to determine a suitable driver class
2022-06-01 20:04:27.535  INFO 57056 --- [main] o.apache.catalina.core.StandardService   : Stopping service [Tomcat]
2022-06-01 20:04:27.549  INFO 57056 --- [main] ConditionEvaluationReportLoggingListener : 

Error starting ApplicationContext. To display the conditions report re-run your application with 'debug' enabled.
2022-06-01 20:04:27.550 ERROR 57056 --- [main] o.s.b.d.LoggingFailureAnalysisReporter   : 

***************************
APPLICATION FAILED TO START
***************************

Description:

Failed to configure a DataSource: 'url' attribute is not specified and no embedded datasource could be configured.

Reason: Failed to determine a suitable driver class


Action:

Consider the following:
	If you want an embedded database (H2, HSQL or Derby), please put it on the classpath.
	If you have database settings to be loaded from a particular profile you may need to activate it (no profiles are currently active).

2022-06-01 20:04:54.247  INFO 57152 --- [main] com.pandora.PandoraApplication           : Starting PandoraApplication on localhost with PID 57152 (/Users/jag/IdeaProjects/Pandora/out/production/classes started by jag in /Users/jag/IdeaProjects/Pandora)
2022-06-01 20:04:54.250 DEBUG 57152 --- [main] com.pandora.PandoraApplication           : Running with Spring Boot v2.2.5.RELEASE, Spring v5.2.4.RELEASE
2022-06-01 20:04:54.251  INFO 57152 --- [main] com.pandora.PandoraApplication           : No active profile set, falling back to default profiles: default
2022-06-01 20:04:55.080  INFO 57152 --- [main] o.s.b.w.embedded.tomcat.TomcatWebServer  : Tomcat initialized with port(s): 8080 (http)
2022-06-01 20:04:55.086  INFO 57152 --- [main] o.apache.catalina.core.StandardService   : Starting service [Tomcat]
2022-06-01 20:04:55.086  INFO 57152 --- [main] org.apache.catalina.core.StandardEngine  : Starting Servlet engine: [Apache Tomcat/9.0.31]
2022-06-01 20:04:55.151  INFO 57152 --- [main] o.a.c.c.C.[.[localhost].[/pandora]       : Initializing Spring embedded WebApplicationContext
2022-06-01 20:04:55.151  INFO 57152 --- [main] o.s.web.context.ContextLoader            : Root WebApplicationContext: initialization completed in 862 ms
2022-06-01 20:04:55.602  INFO 57152 --- [main] o.s.s.concurrent.ThreadPoolTaskExecutor  : Initializing ExecutorService 'applicationTaskExecutor'
2022-06-01 20:04:55.782  INFO 57152 --- [main] o.f.c.internal.license.VersionPrinter    : Flyway Community Edition 5.2.4 by Boxfuse
2022-06-01 20:04:55.783  INFO 57152 --- [main] com.zaxxer.hikari.HikariDataSource       : HikariPool-1 - Starting...
2022-06-01 20:04:55.934  INFO 57152 --- [main] com.zaxxer.hikari.HikariDataSource       : HikariPool-1 - Start completed.
2022-06-01 20:04:55.939  INFO 57152 --- [main] o.f.c.internal.database.DatabaseFactory  : Database: jdbc:mysql://localhost:3306/pandora (MySQL 8.0)
2022-06-01 20:04:56.087  INFO 57152 --- [main] o.f.core.internal.command.DbValidate     : Successfully validated 5 migrations (execution time 00:00.017s)
2022-06-01 20:04:56.150  INFO 57152 --- [main] o.f.c.i.s.JdbcTableSchemaHistory         : Creating Schema History table: `pandora`.`flyway_schema_history`
2022-06-01 20:04:56.304  INFO 57152 --- [main] o.f.core.internal.command.DbMigrate      : Current version of schema `pandora`: << Empty Schema >>
2022-06-01 20:04:56.305  INFO 57152 --- [main] o.f.core.internal.command.DbMigrate      : Migrating schema `pandora` to version 202205062128 - create table of convertible bond
2022-06-01 20:04:56.332  INFO 57152 --- [main] o.f.core.internal.command.DbMigrate      : Migrating schema `pandora` to version 202205080947 - add table of bond shot register
2022-06-01 20:04:56.352  INFO 57152 --- [main] o.f.core.internal.command.DbMigrate      : Migrating schema `pandora` to version 202205081050 - add table of user
2022-06-01 20:04:56.382  INFO 57152 --- [main] o.f.core.internal.command.DbMigrate      : Migrating schema `pandora` to version 202205112045 - add table of authorities
2022-06-01 20:04:56.403  INFO 57152 --- [main] o.f.core.internal.command.DbMigrate      : Migrating schema `pandora` to version 202205112153 - add table of token
2022-06-01 20:04:56.421  INFO 57152 --- [main] o.f.core.internal.command.DbMigrate      : Successfully applied 5 migrations to schema `pandora` (execution time 00:00.273s)
2022-06-01 20:04:56.511  INFO 57152 --- [main] o.s.b.w.embedded.tomcat.TomcatWebServer  : Tomcat started on port(s): 8080 (http) with context path '/pandora'
2022-06-01 20:04:56.514  INFO 57152 --- [main] com.pandora.PandoraApplication           : Started PandoraApplication in 2.571 seconds (JVM running for 2.946)
2022-06-01 20:22:02.070  WARN 57152 --- [HikariPool-1 housekeeper] com.zaxxer.hikari.pool.HikariPool        : HikariPool-1 - Thread starvation or clock leap detected (housekeeper delta=5m35s871ms).
2022-06-01 20:22:56.310  INFO 57152 --- [SpringContextShutdownHook] o.s.s.concurrent.ThreadPoolTaskExecutor  : Shutting down ExecutorService 'applicationTaskExecutor'
2022-06-01 20:22:56.318  INFO 57152 --- [SpringContextShutdownHook] com.zaxxer.hikari.HikariDataSource       : HikariPool-1 - Shutdown initiated...
2022-06-01 20:22:56.329  INFO 57152 --- [SpringContextShutdownHook] com.zaxxer.hikari.HikariDataSource       : HikariPool-1 - Shutdown completed.
2022-06-01 20:23:01.821  INFO 59726 --- [main] com.pandora.PandoraApplication           : Starting PandoraApplication on localhost with PID 59726 (/Users/jag/IdeaProjects/Pandora/out/production/classes started by jag in /Users/jag/IdeaProjects/Pandora)
2022-06-01 20:23:01.824 DEBUG 59726 --- [main] com.pandora.PandoraApplication           : Running with Spring Boot v2.2.5.RELEASE, Spring v5.2.4.RELEASE
2022-06-01 20:23:01.825  INFO 59726 --- [main] com.pandora.PandoraApplication           : No active profile set, falling back to default profiles: default
2022-06-01 20:23:02.765  INFO 59726 --- [main] o.s.b.w.embedded.tomcat.TomcatWebServer  : Tomcat initialized with port(s): 8080 (http)
2022-06-01 20:23:02.771  INFO 59726 --- [main] o.apache.catalina.core.StandardService   : Starting service [Tomcat]
2022-06-01 20:23:02.771  INFO 59726 --- [main] org.apache.catalina.core.StandardEngine  : Starting Servlet engine: [Apache Tomcat/9.0.31]
2022-06-01 20:23:02.823  INFO 59726 --- [main] o.a.c.c.C.[.[localhost].[/pandora]       : Initializing Spring embedded WebApplicationContext
2022-06-01 20:23:02.823  INFO 59726 --- [main] o.s.web.context.ContextLoader            : Root WebApplicationContext: initialization completed in 955 ms
2022-06-01 20:23:03.230  INFO 59726 --- [main] o.s.s.concurrent.ThreadPoolTaskExecutor  : Initializing ExecutorService 'applicationTaskExecutor'
2022-06-01 20:23:03.406  INFO 59726 --- [main] o.f.c.internal.license.VersionPrinter    : Flyway Community Edition 5.2.4 by Boxfuse
2022-06-01 20:23:03.408  INFO 59726 --- [main] com.zaxxer.hikari.HikariDataSource       : HikariPool-1 - Starting...
2022-06-01 20:23:03.494  INFO 59726 --- [main] com.zaxxer.hikari.HikariDataSource       : HikariPool-1 - Start completed.
2022-06-01 20:23:03.498  INFO 59726 --- [main] o.f.c.internal.database.DatabaseFactory  : Database: jdbc:mysql://localhost:3306/pandora (MySQL 8.0)
2022-06-01 20:23:03.565  INFO 59726 --- [main] o.f.core.internal.command.DbValidate     : Successfully validated 6 migrations (execution time 00:00.025s)
2022-06-01 20:23:03.575  INFO 59726 --- [main] o.f.core.internal.command.DbMigrate      : Current version of schema `pandora`: 202205112153
2022-06-01 20:23:03.577  INFO 59726 --- [main] o.f.core.internal.command.DbMigrate      : Migrating schema `pandora` to version 202205292054 - create table fund fixed investment condition
2022-06-01 20:23:03.651  WARN 59726 --- [main] o.f.c.i.s.DefaultSqlScriptExecutor       : DB: 'utf8' is currently an alias for the character set UTF8MB3, but will be an alias for UTF8MB4 in a future release. Please consider using UTF8MB4 in order to be unambiguous. (SQL State: HY000 - Error Code: 3719)
2022-06-01 20:23:03.677  INFO 59726 --- [main] o.f.core.internal.command.DbMigrate      : Successfully applied 1 migration to schema `pandora` (execution time 00:00.108s)
2022-06-01 20:23:03.893  INFO 59726 --- [main] o.s.b.w.embedded.tomcat.TomcatWebServer  : Tomcat started on port(s): 8080 (http) with context path '/pandora'
2022-06-01 20:23:03.898  INFO 59726 --- [main] com.pandora.PandoraApplication           : Started PandoraApplication in 2.397 seconds (JVM running for 2.826)
2022-06-01 20:29:18.694  INFO 59726 --- [http-nio-8080-exec-1] o.a.c.c.C.[.[localhost].[/pandora]       : Initializing Spring DispatcherServlet 'dispatcherServlet'
2022-06-01 20:29:18.696  INFO 59726 --- [http-nio-8080-exec-1] o.s.web.servlet.DispatcherServlet        : Initializing Servlet 'dispatcherServlet'
2022-06-01 20:29:18.708  INFO 59726 --- [http-nio-8080-exec-1] o.s.web.servlet.DispatcherServlet        : Completed initialization in 12 ms
2022-06-01 20:29:18.721  INFO 59726 --- [http-nio-8080-exec-1] c.p.i.interceptor.LoginInterceptor       : this is login interceptor
2022-06-01 20:29:18.876 ERROR 59726 --- [http-nio-8080-exec-1] o.a.c.c.C.[.[.[.[dispatcherServlet]      : Servlet.service() for servlet [dispatcherServlet] in context with path [/pandora] threw exception [Request processing failed; nested exception is java.lang.IllegalArgumentException: URI is not absolute] with root cause

java.lang.IllegalArgumentException: URI is not absolute
	at java.net.URI.toURL(URI.java:1088) ~[na:1.8.0_121]
	at org.springframework.http.client.SimpleClientHttpRequestFactory.createRequest(SimpleClientHttpRequestFactory.java:145) ~[spring-web-5.2.4.RELEASE.jar:5.2.4.RELEASE]
	at org.springframework.http.client.support.HttpAccessor.createRequest(HttpAccessor.java:124) ~[spring-web-5.2.4.RELEASE.jar:5.2.4.RELEASE]
	at org.springframework.web.client.RestTemplate.doExecute(RestTemplate.java:735) ~[spring-web-5.2.4.RELEASE.jar:5.2.4.RELEASE]
	at org.springframework.web.client.RestTemplate.execute(RestTemplate.java:674) ~[spring-web-5.2.4.RELEASE.jar:5.2.4.RELEASE]
	at org.springframework.web.client.RestTemplate.getForEntity(RestTemplate.java:342) ~[spring-web-5.2.4.RELEASE.jar:5.2.4.RELEASE]
	at com.pandora.infrastructure.util.HttpUtil.get(HttpUtil.java:10) ~[classes/:na]
	at com.pandora.infrastructure.wx.WxClient.login(WxClient.java:29) ~[classes/:na]
	at com.pandora.infrastructure.user.implementation.UserService.login(UserService.java:29) ~[classes/:na]
	at com.pandora.infrastructure.user.implementation.UserService$$FastClassBySpringCGLIB$$6e72db8a.invoke(<generated>) ~[classes/:na]
	at org.springframework.cglib.proxy.MethodProxy.invoke(MethodProxy.java:218) ~[spring-core-5.2.4.RELEASE.jar:5.2.4.RELEASE]
	at org.springframework.aop.framework.CglibAopProxy$CglibMethodInvocation.invokeJoinpoint(CglibAopProxy.java:769) ~[spring-aop-5.2.4.RELEASE.jar:5.2.4.RELEASE]
	at org.springframework.aop.framework.ReflectiveMethodInvocation.proceed(ReflectiveMethodInvocation.java:163) ~[spring-aop-5.2.4.RELEASE.jar:5.2.4.RELEASE]
	at org.springframework.aop.framework.CglibAopProxy$CglibMethodInvocation.proceed(CglibAopProxy.java:747) ~[spring-aop-5.2.4.RELEASE.jar:5.2.4.RELEASE]
	at org.springframework.transaction.interceptor.TransactionAspectSupport.invokeWithinTransaction(TransactionAspectSupport.java:366) ~[spring-tx-5.2.4.RELEASE.jar:5.2.4.RELEASE]
	at org.springframework.transaction.interceptor.TransactionInterceptor.invoke(TransactionInterceptor.java:99) ~[spring-tx-5.2.4.RELEASE.jar:5.2.4.RELEASE]
	at org.springframework.aop.framework.ReflectiveMethodInvocation.proceed(ReflectiveMethodInvocation.java:186) ~[spring-aop-5.2.4.RELEASE.jar:5.2.4.RELEASE]
	at org.springframework.aop.framework.CglibAopProxy$CglibMethodInvocation.proceed(CglibAopProxy.java:747) ~[spring-aop-5.2.4.RELEASE.jar:5.2.4.RELEASE]
	at org.springframework.aop.framework.CglibAopProxy$DynamicAdvisedInterceptor.intercept(CglibAopProxy.java:689) ~[spring-aop-5.2.4.RELEASE.jar:5.2.4.RELEASE]
	at com.pandora.infrastructure.user.implementation.UserService$$EnhancerBySpringCGLIB$$13a8ee30.login(<generated>) ~[classes/:na]
	at com.pandora.ui.user.controller.UserController.login(UserController.java:20) ~[classes/:na]
	at sun.reflect.NativeMethodAccessorImpl.invoke0(Native Method) ~[na:1.8.0_121]
	at sun.reflect.NativeMethodAccessorImpl.invoke(NativeMethodAccessorImpl.java:62) ~[na:1.8.0_121]
	at sun.reflect.DelegatingMethodAccessorImpl.invoke(DelegatingMethodAccessorImpl.java:43) ~[na:1.8.0_121]
	at java.lang.reflect.Method.invoke(Method.java:498) ~[na:1.8.0_121]
	at org.springframework.web.method.support.InvocableHandlerMethod.doInvoke(InvocableHandlerMethod.java:190) ~[spring-web-5.2.4.RELEASE.jar:5.2.4.RELEASE]
	at org.springframework.web.method.support.InvocableHandlerMethod.invokeForRequest(InvocableHandlerMethod.java:138) ~[spring-web-5.2.4.RELEASE.jar:5.2.4.RELEASE]
	at org.springframework.web.servlet.mvc.method.annotation.ServletInvocableHandlerMethod.invokeAndHandle(ServletInvocableHandlerMethod.java:106) ~[spring-webmvc-5.2.4.RELEASE.jar:5.2.4.RELEASE]
	at org.springframework.web.servlet.mvc.method.annotation.RequestMappingHandlerAdapter.invokeHandlerMethod(RequestMappingHandlerAdapter.java:879) ~[spring-webmvc-5.2.4.RELEASE.jar:5.2.4.RELEASE]
	at org.springframework.web.servlet.mvc.method.annotation.RequestMappingHandlerAdapter.handleInternal(RequestMappingHandlerAdapter.java:793) ~[spring-webmvc-5.2.4.RELEASE.jar:5.2.4.RELEASE]
	at org.springframework.web.servlet.mvc.method.AbstractHandlerMethodAdapter.handle(AbstractHandlerMethodAdapter.java:87) ~[spring-webmvc-5.2.4.RELEASE.jar:5.2.4.RELEASE]
	at org.springframework.web.servlet.DispatcherServlet.doDispatch(DispatcherServlet.java:1040) ~[spring-webmvc-5.2.4.RELEASE.jar:5.2.4.RELEASE]
	at org.springframework.web.servlet.DispatcherServlet.doService(DispatcherServlet.java:943) ~[spring-webmvc-5.2.4.RELEASE.jar:5.2.4.RELEASE]
	at org.springframework.web.servlet.FrameworkServlet.processRequest(FrameworkServlet.java:1006) ~[spring-webmvc-5.2.4.RELEASE.jar:5.2.4.RELEASE]
	at org.springframework.web.servlet.FrameworkServlet.doPost(FrameworkServlet.java:909) ~[spring-webmvc-5.2.4.RELEASE.jar:5.2.4.RELEASE]
	at javax.servlet.http.HttpServlet.service(HttpServlet.java:660) ~[tomcat-embed-core-9.0.31.jar:9.0.31]
	at org.springframework.web.servlet.FrameworkServlet.service(FrameworkServlet.java:883) ~[spring-webmvc-5.2.4.RELEASE.jar:5.2.4.RELEASE]
	at javax.servlet.http.HttpServlet.service(HttpServlet.java:741) ~[tomcat-embed-core-9.0.31.jar:9.0.31]
	at org.apache.catalina.core.ApplicationFilterChain.internalDoFilter(ApplicationFilterChain.java:231) ~[tomcat-embed-core-9.0.31.jar:9.0.31]
	at org.apache.catalina.core.ApplicationFilterChain.doFilter(ApplicationFilterChain.java:166) ~[tomcat-embed-core-9.0.31.jar:9.0.31]
	at org.apache.tomcat.websocket.server.WsFilter.doFilter(WsFilter.java:53) ~[tomcat-embed-websocket-9.0.31.jar:9.0.31]
	at org.apache.catalina.core.ApplicationFilterChain.internalDoFilter(ApplicationFilterChain.java:193) ~[tomcat-embed-core-9.0.31.jar:9.0.31]
	at org.apache.catalina.core.ApplicationFilterChain.doFilter(ApplicationFilterChain.java:166) ~[tomcat-embed-core-9.0.31.jar:9.0.31]
	at org.springframework.web.filter.RequestContextFilter.doFilterInternal(RequestContextFilter.java:100) ~[spring-web-5.2.4.RELEASE.jar:5.2.4.RELEASE]
	at org.springframework.web.filter.OncePerRequestFilter.doFilter(OncePerRequestFilter.java:119) ~[spring-web-5.2.4.RELEASE.jar:5.2.4.RELEASE]
	at org.apache.catalina.core.ApplicationFilterChain.internalDoFilter(ApplicationFilterChain.java:193) ~[tomcat-embed-core-9.0.31.jar:9.0.31]
	at org.apache.catalina.core.ApplicationFilterChain.doFilter(ApplicationFilterChain.java:166) ~[tomcat-embed-core-9.0.31.jar:9.0.31]
	at org.springframework.web.filter.FormContentFilter.doFilterInternal(FormContentFilter.java:93) ~[spring-web-5.2.4.RELEASE.jar:5.2.4.RELEASE]
	at org.springframework.web.filter.OncePerRequestFilter.doFilter(OncePerRequestFilter.java:119) ~[spring-web-5.2.4.RELEASE.jar:5.2.4.RELEASE]
	at org.apache.catalina.core.ApplicationFilterChain.internalDoFilter(ApplicationFilterChain.java:193) ~[tomcat-embed-core-9.0.31.jar:9.0.31]
	at org.apache.catalina.core.ApplicationFilterChain.doFilter(ApplicationFilterChain.java:166) ~[tomcat-embed-core-9.0.31.jar:9.0.31]
	at org.springframework.web.filter.CharacterEncodingFilter.doFilterInternal(CharacterEncodingFilter.java:201) ~[spring-web-5.2.4.RELEASE.jar:5.2.4.RELEASE]
	at org.springframework.web.filter.OncePerRequestFilter.doFilter(OncePerRequestFilter.java:119) ~[spring-web-5.2.4.RELEASE.jar:5.2.4.RELEASE]
	at org.apache.catalina.core.ApplicationFilterChain.internalDoFilter(ApplicationFilterChain.java:193) ~[tomcat-embed-core-9.0.31.jar:9.0.31]
	at org.apache.catalina.core.ApplicationFilterChain.doFilter(ApplicationFilterChain.java:166) ~[tomcat-embed-core-9.0.31.jar:9.0.31]
	at org.apache.catalina.core.StandardWrapperValve.invoke(StandardWrapperValve.java:202) ~[tomcat-embed-core-9.0.31.jar:9.0.31]
	at org.apache.catalina.core.StandardContextValve.invoke(StandardContextValve.java:96) [tomcat-embed-core-9.0.31.jar:9.0.31]
	at org.apache.catalina.authenticator.AuthenticatorBase.invoke(AuthenticatorBase.java:541) [tomcat-embed-core-9.0.31.jar:9.0.31]
	at org.apache.catalina.core.StandardHostValve.invoke(StandardHostValve.java:139) [tomcat-embed-core-9.0.31.jar:9.0.31]
	at org.apache.catalina.valves.ErrorReportValve.invoke(ErrorReportValve.java:92) [tomcat-embed-core-9.0.31.jar:9.0.31]
	at org.apache.catalina.core.StandardEngineValve.invoke(StandardEngineValve.java:74) [tomcat-embed-core-9.0.31.jar:9.0.31]
	at org.apache.catalina.connector.CoyoteAdapter.service(CoyoteAdapter.java:343) [tomcat-embed-core-9.0.31.jar:9.0.31]
	at org.apache.coyote.http11.Http11Processor.service(Http11Processor.java:367) [tomcat-embed-core-9.0.31.jar:9.0.31]
	at org.apache.coyote.AbstractProcessorLight.process(AbstractProcessorLight.java:65) [tomcat-embed-core-9.0.31.jar:9.0.31]
	at org.apache.coyote.AbstractProtocol$ConnectionHandler.process(AbstractProtocol.java:868) [tomcat-embed-core-9.0.31.jar:9.0.31]
	at org.apache.tomcat.util.net.NioEndpoint$SocketProcessor.doRun(NioEndpoint.java:1639) [tomcat-embed-core-9.0.31.jar:9.0.31]
	at org.apache.tomcat.util.net.SocketProcessorBase.run(SocketProcessorBase.java:49) [tomcat-embed-core-9.0.31.jar:9.0.31]
	at java.util.concurrent.ThreadPoolExecutor.runWorker(ThreadPoolExecutor.java:1142) [na:1.8.0_121]
	at java.util.concurrent.ThreadPoolExecutor$Worker.run(ThreadPoolExecutor.java:617) [na:1.8.0_121]
	at org.apache.tomcat.util.threads.TaskThread$WrappingRunnable.run(TaskThread.java:61) [tomcat-embed-core-9.0.31.jar:9.0.31]
	at java.lang.Thread.run(Thread.java:745) [na:1.8.0_121]

2022-06-01 20:29:18.884  INFO 59726 --- [http-nio-8080-exec-1] c.p.i.interceptor.LoginInterceptor       : this is login interceptor
2022-06-01 20:34:17.826  INFO 59726 --- [SpringContextShutdownHook] o.s.s.concurrent.ThreadPoolTaskExecutor  : Shutting down ExecutorService 'applicationTaskExecutor'
2022-06-01 20:34:17.829  INFO 59726 --- [SpringContextShutdownHook] com.zaxxer.hikari.HikariDataSource       : HikariPool-1 - Shutdown initiated...
2022-06-01 20:34:17.834  INFO 59726 --- [SpringContextShutdownHook] com.zaxxer.hikari.HikariDataSource       : HikariPool-1 - Shutdown completed.
2022-06-01 20:34:21.738  INFO 61777 --- [main] com.pandora.PandoraApplication           : Starting PandoraApplication on localhost with PID 61777 (/Users/jag/IdeaProjects/Pandora/out/production/classes started by jag in /Users/jag/IdeaProjects/Pandora)
2022-06-01 20:34:21.741 DEBUG 61777 --- [main] com.pandora.PandoraApplication           : Running with Spring Boot v2.2.5.RELEASE, Spring v5.2.4.RELEASE
2022-06-01 20:34:21.741  INFO 61777 --- [main] com.pandora.PandoraApplication           : No active profile set, falling back to default profiles: default
2022-06-01 20:34:22.728  INFO 61777 --- [main] o.s.b.w.embedded.tomcat.TomcatWebServer  : Tomcat initialized with port(s): 8080 (http)
2022-06-01 20:34:22.736  INFO 61777 --- [main] o.apache.catalina.core.StandardService   : Starting service [Tomcat]
2022-06-01 20:34:22.736  INFO 61777 --- [main] org.apache.catalina.core.StandardEngine  : Starting Servlet engine: [Apache Tomcat/9.0.31]
2022-06-01 20:34:22.808  INFO 61777 --- [main] o.a.c.c.C.[.[localhost].[/pandora]       : Initializing Spring embedded WebApplicationContext
2022-06-01 20:34:22.808  INFO 61777 --- [main] o.s.web.context.ContextLoader            : Root WebApplicationContext: initialization completed in 1022 ms
2022-06-01 20:34:23.330  INFO 61777 --- [main] o.s.s.concurrent.ThreadPoolTaskExecutor  : Initializing ExecutorService 'applicationTaskExecutor'
2022-06-01 20:34:23.456  INFO 61777 --- [main] o.f.c.internal.license.VersionPrinter    : Flyway Community Edition 5.2.4 by Boxfuse
2022-06-01 20:34:23.458  INFO 61777 --- [main] com.zaxxer.hikari.HikariDataSource       : HikariPool-1 - Starting...
2022-06-01 20:34:23.561  INFO 61777 --- [main] com.zaxxer.hikari.HikariDataSource       : HikariPool-1 - Start completed.
2022-06-01 20:34:23.566  INFO 61777 --- [main] o.f.c.internal.database.DatabaseFactory  : Database: jdbc:mysql://localhost:3306/pandora (MySQL 8.0)
2022-06-01 20:34:23.646  INFO 61777 --- [main] o.f.core.internal.command.DbValidate     : Successfully validated 6 migrations (execution time 00:00.024s)
2022-06-01 20:34:23.654  INFO 61777 --- [main] o.f.core.internal.command.DbMigrate      : Current version of schema `pandora`: 202205292054
2022-06-01 20:34:23.655  INFO 61777 --- [main] o.f.core.internal.command.DbMigrate      : Schema `pandora` is up to date. No migration necessary.
2022-06-01 20:34:23.749  INFO 61777 --- [main] o.s.b.w.embedded.tomcat.TomcatWebServer  : Tomcat started on port(s): 8080 (http) with context path '/pandora'
2022-06-01 20:34:23.752  INFO 61777 --- [main] com.pandora.PandoraApplication           : Started PandoraApplication in 2.565 seconds (JVM running for 3.533)
2022-06-01 20:35:40.817  INFO 61777 --- [http-nio-8080-exec-1] o.a.c.c.C.[.[localhost].[/pandora]       : Initializing Spring DispatcherServlet 'dispatcherServlet'
2022-06-01 20:35:40.818  INFO 61777 --- [http-nio-8080-exec-1] o.s.web.servlet.DispatcherServlet        : Initializing Servlet 'dispatcherServlet'
2022-06-01 20:35:40.829  INFO 61777 --- [http-nio-8080-exec-1] o.s.web.servlet.DispatcherServlet        : Completed initialization in 10 ms
2022-06-01 20:35:40.845  INFO 61777 --- [http-nio-8080-exec-1] c.p.i.interceptor.LoginInterceptor       : this is login interceptor
2022-06-01 20:36:00.079 ERROR 61777 --- [http-nio-8080-exec-1] o.a.c.c.C.[.[.[.[dispatcherServlet]      : Servlet.service() for servlet [dispatcherServlet] in context with path [/pandora] threw exception [Request processing failed; nested exception is java.lang.IllegalArgumentException: URI is not absolute] with root cause

java.lang.IllegalArgumentException: URI is not absolute
	at java.net.URI.toURL(URI.java:1088) ~[na:1.8.0_121]
	at org.springframework.http.client.SimpleClientHttpRequestFactory.createRequest(SimpleClientHttpRequestFactory.java:145) ~[spring-web-5.2.4.RELEASE.jar:5.2.4.RELEASE]
	at org.springframework.http.client.support.HttpAccessor.createRequest(HttpAccessor.java:124) ~[spring-web-5.2.4.RELEASE.jar:5.2.4.RELEASE]
	at org.springframework.web.client.RestTemplate.doExecute(RestTemplate.java:735) ~[spring-web-5.2.4.RELEASE.jar:5.2.4.RELEASE]
	at org.springframework.web.client.RestTemplate.execute(RestTemplate.java:674) ~[spring-web-5.2.4.RELEASE.jar:5.2.4.RELEASE]
	at org.springframework.web.client.RestTemplate.getForEntity(RestTemplate.java:342) ~[spring-web-5.2.4.RELEASE.jar:5.2.4.RELEASE]
	at com.pandora.infrastructure.util.HttpUtil.get(HttpUtil.java:10) ~[classes/:na]
	at com.pandora.infrastructure.wx.WxClient.login(WxClient.java:29) ~[classes/:na]
	at com.pandora.infrastructure.user.implementation.UserService.login(UserService.java:29) ~[classes/:na]
	at com.pandora.infrastructure.user.implementation.UserService$$FastClassBySpringCGLIB$$6e72db8a.invoke(<generated>) ~[classes/:na]
	at org.springframework.cglib.proxy.MethodProxy.invoke(MethodProxy.java:218) ~[spring-core-5.2.4.RELEASE.jar:5.2.4.RELEASE]
	at org.springframework.aop.framework.CglibAopProxy$CglibMethodInvocation.invokeJoinpoint(CglibAopProxy.java:769) ~[spring-aop-5.2.4.RELEASE.jar:5.2.4.RELEASE]
	at org.springframework.aop.framework.ReflectiveMethodInvocation.proceed(ReflectiveMethodInvocation.java:163) ~[spring-aop-5.2.4.RELEASE.jar:5.2.4.RELEASE]
	at org.springframework.aop.framework.CglibAopProxy$CglibMethodInvocation.proceed(CglibAopProxy.java:747) ~[spring-aop-5.2.4.RELEASE.jar:5.2.4.RELEASE]
	at org.springframework.transaction.interceptor.TransactionAspectSupport.invokeWithinTransaction(TransactionAspectSupport.java:366) ~[spring-tx-5.2.4.RELEASE.jar:5.2.4.RELEASE]
	at org.springframework.transaction.interceptor.TransactionInterceptor.invoke(TransactionInterceptor.java:99) ~[spring-tx-5.2.4.RELEASE.jar:5.2.4.RELEASE]
	at org.springframework.aop.framework.ReflectiveMethodInvocation.proceed(ReflectiveMethodInvocation.java:186) ~[spring-aop-5.2.4.RELEASE.jar:5.2.4.RELEASE]
	at org.springframework.aop.framework.CglibAopProxy$CglibMethodInvocation.proceed(CglibAopProxy.java:747) ~[spring-aop-5.2.4.RELEASE.jar:5.2.4.RELEASE]
	at org.springframework.aop.framework.CglibAopProxy$DynamicAdvisedInterceptor.intercept(CglibAopProxy.java:689) ~[spring-aop-5.2.4.RELEASE.jar:5.2.4.RELEASE]
	at com.pandora.infrastructure.user.implementation.UserService$$EnhancerBySpringCGLIB$$1bedae7b.login(<generated>) ~[classes/:na]
	at com.pandora.ui.user.controller.UserController.login(UserController.java:20) ~[classes/:na]
	at sun.reflect.NativeMethodAccessorImpl.invoke0(Native Method) ~[na:1.8.0_121]
	at sun.reflect.NativeMethodAccessorImpl.invoke(NativeMethodAccessorImpl.java:62) ~[na:1.8.0_121]
	at sun.reflect.DelegatingMethodAccessorImpl.invoke(DelegatingMethodAccessorImpl.java:43) ~[na:1.8.0_121]
	at java.lang.reflect.Method.invoke(Method.java:498) ~[na:1.8.0_121]
	at org.springframework.web.method.support.InvocableHandlerMethod.doInvoke(InvocableHandlerMethod.java:190) ~[spring-web-5.2.4.RELEASE.jar:5.2.4.RELEASE]
	at org.springframework.web.method.support.InvocableHandlerMethod.invokeForRequest(InvocableHandlerMethod.java:138) ~[spring-web-5.2.4.RELEASE.jar:5.2.4.RELEASE]
	at org.springframework.web.servlet.mvc.method.annotation.ServletInvocableHandlerMethod.invokeAndHandle(ServletInvocableHandlerMethod.java:106) ~[spring-webmvc-5.2.4.RELEASE.jar:5.2.4.RELEASE]
	at org.springframework.web.servlet.mvc.method.annotation.RequestMappingHandlerAdapter.invokeHandlerMethod(RequestMappingHandlerAdapter.java:879) ~[spring-webmvc-5.2.4.RELEASE.jar:5.2.4.RELEASE]
	at org.springframework.web.servlet.mvc.method.annotation.RequestMappingHandlerAdapter.handleInternal(RequestMappingHandlerAdapter.java:793) ~[spring-webmvc-5.2.4.RELEASE.jar:5.2.4.RELEASE]
	at org.springframework.web.servlet.mvc.method.AbstractHandlerMethodAdapter.handle(AbstractHandlerMethodAdapter.java:87) ~[spring-webmvc-5.2.4.RELEASE.jar:5.2.4.RELEASE]
	at org.springframework.web.servlet.DispatcherServlet.doDispatch(DispatcherServlet.java:1040) ~[spring-webmvc-5.2.4.RELEASE.jar:5.2.4.RELEASE]
	at org.springframework.web.servlet.DispatcherServlet.doService(DispatcherServlet.java:943) ~[spring-webmvc-5.2.4.RELEASE.jar:5.2.4.RELEASE]
	at org.springframework.web.servlet.FrameworkServlet.processRequest(FrameworkServlet.java:1006) ~[spring-webmvc-5.2.4.RELEASE.jar:5.2.4.RELEASE]
	at org.springframework.web.servlet.FrameworkServlet.doPost(FrameworkServlet.java:909) ~[spring-webmvc-5.2.4.RELEASE.jar:5.2.4.RELEASE]
	at javax.servlet.http.HttpServlet.service(HttpServlet.java:660) ~[tomcat-embed-core-9.0.31.jar:9.0.31]
	at org.springframework.web.servlet.FrameworkServlet.service(FrameworkServlet.java:883) ~[spring-webmvc-5.2.4.RELEASE.jar:5.2.4.RELEASE]
	at javax.servlet.http.HttpServlet.service(HttpServlet.java:741) ~[tomcat-embed-core-9.0.31.jar:9.0.31]
	at org.apache.catalina.core.ApplicationFilterChain.internalDoFilter(ApplicationFilterChain.java:231) ~[tomcat-embed-core-9.0.31.jar:9.0.31]
	at org.apache.catalina.core.ApplicationFilterChain.doFilter(ApplicationFilterChain.java:166) ~[tomcat-embed-core-9.0.31.jar:9.0.31]
	at org.apache.tomcat.websocket.server.WsFilter.doFilter(WsFilter.java:53) ~[tomcat-embed-websocket-9.0.31.jar:9.0.31]
	at org.apache.catalina.core.ApplicationFilterChain.internalDoFilter(ApplicationFilterChain.java:193) ~[tomcat-embed-core-9.0.31.jar:9.0.31]
	at org.apache.catalina.core.ApplicationFilterChain.doFilter(ApplicationFilterChain.java:166) ~[tomcat-embed-core-9.0.31.jar:9.0.31]
	at org.springframework.web.filter.RequestContextFilter.doFilterInternal(RequestContextFilter.java:100) ~[spring-web-5.2.4.RELEASE.jar:5.2.4.RELEASE]
	at org.springframework.web.filter.OncePerRequestFilter.doFilter(OncePerRequestFilter.java:119) ~[spring-web-5.2.4.RELEASE.jar:5.2.4.RELEASE]
	at org.apache.catalina.core.ApplicationFilterChain.internalDoFilter(ApplicationFilterChain.java:193) ~[tomcat-embed-core-9.0.31.jar:9.0.31]
	at org.apache.catalina.core.ApplicationFilterChain.doFilter(ApplicationFilterChain.java:166) ~[tomcat-embed-core-9.0.31.jar:9.0.31]
	at org.springframework.web.filter.FormContentFilter.doFilterInternal(FormContentFilter.java:93) ~[spring-web-5.2.4.RELEASE.jar:5.2.4.RELEASE]
	at org.springframework.web.filter.OncePerRequestFilter.doFilter(OncePerRequestFilter.java:119) ~[spring-web-5.2.4.RELEASE.jar:5.2.4.RELEASE]
	at org.apache.catalina.core.ApplicationFilterChain.internalDoFilter(ApplicationFilterChain.java:193) ~[tomcat-embed-core-9.0.31.jar:9.0.31]
	at org.apache.catalina.core.ApplicationFilterChain.doFilter(ApplicationFilterChain.java:166) ~[tomcat-embed-core-9.0.31.jar:9.0.31]
	at org.springframework.web.filter.CharacterEncodingFilter.doFilterInternal(CharacterEncodingFilter.java:201) ~[spring-web-5.2.4.RELEASE.jar:5.2.4.RELEASE]
	at org.springframework.web.filter.OncePerRequestFilter.doFilter(OncePerRequestFilter.java:119) ~[spring-web-5.2.4.RELEASE.jar:5.2.4.RELEASE]
	at org.apache.catalina.core.ApplicationFilterChain.internalDoFilter(ApplicationFilterChain.java:193) ~[tomcat-embed-core-9.0.31.jar:9.0.31]
	at org.apache.catalina.core.ApplicationFilterChain.doFilter(ApplicationFilterChain.java:166) ~[tomcat-embed-core-9.0.31.jar:9.0.31]
	at org.apache.catalina.core.StandardWrapperValve.invoke(StandardWrapperValve.java:202) ~[tomcat-embed-core-9.0.31.jar:9.0.31]
	at org.apache.catalina.core.StandardContextValve.invoke(StandardContextValve.java:96) [tomcat-embed-core-9.0.31.jar:9.0.31]
	at org.apache.catalina.authenticator.AuthenticatorBase.invoke(AuthenticatorBase.java:541) [tomcat-embed-core-9.0.31.jar:9.0.31]
	at org.apache.catalina.core.StandardHostValve.invoke(StandardHostValve.java:139) [tomcat-embed-core-9.0.31.jar:9.0.31]
	at org.apache.catalina.valves.ErrorReportValve.invoke(ErrorReportValve.java:92) [tomcat-embed-core-9.0.31.jar:9.0.31]
	at org.apache.catalina.core.StandardEngineValve.invoke(StandardEngineValve.java:74) [tomcat-embed-core-9.0.31.jar:9.0.31]
	at org.apache.catalina.connector.CoyoteAdapter.service(CoyoteAdapter.java:343) [tomcat-embed-core-9.0.31.jar:9.0.31]
	at org.apache.coyote.http11.Http11Processor.service(Http11Processor.java:367) [tomcat-embed-core-9.0.31.jar:9.0.31]
	at org.apache.coyote.AbstractProcessorLight.process(AbstractProcessorLight.java:65) [tomcat-embed-core-9.0.31.jar:9.0.31]
	at org.apache.coyote.AbstractProtocol$ConnectionHandler.process(AbstractProtocol.java:868) [tomcat-embed-core-9.0.31.jar:9.0.31]
	at org.apache.tomcat.util.net.NioEndpoint$SocketProcessor.doRun(NioEndpoint.java:1639) [tomcat-embed-core-9.0.31.jar:9.0.31]
	at org.apache.tomcat.util.net.SocketProcessorBase.run(SocketProcessorBase.java:49) [tomcat-embed-core-9.0.31.jar:9.0.31]
	at java.util.concurrent.ThreadPoolExecutor.runWorker(ThreadPoolExecutor.java:1142) [na:1.8.0_121]
	at java.util.concurrent.ThreadPoolExecutor$Worker.run(ThreadPoolExecutor.java:617) [na:1.8.0_121]
	at org.apache.tomcat.util.threads.TaskThread$WrappingRunnable.run(TaskThread.java:61) [tomcat-embed-core-9.0.31.jar:9.0.31]
	at java.lang.Thread.run(Thread.java:745) [na:1.8.0_121]

2022-06-01 20:36:00.093  INFO 61777 --- [http-nio-8080-exec-1] c.p.i.interceptor.LoginInterceptor       : this is login interceptor
2022-06-01 20:36:00.121  INFO 61777 --- [SpringContextShutdownHook] o.s.s.concurrent.ThreadPoolTaskExecutor  : Shutting down ExecutorService 'applicationTaskExecutor'
2022-06-01 20:36:00.122  INFO 61777 --- [SpringContextShutdownHook] com.zaxxer.hikari.HikariDataSource       : HikariPool-1 - Shutdown initiated...
2022-06-01 20:36:00.126  INFO 61777 --- [SpringContextShutdownHook] com.zaxxer.hikari.HikariDataSource       : HikariPool-1 - Shutdown completed.
